<?xml version="1.0" encoding="UTF-8"?>
<!-- Generated by org.testng.reporters.JUnitReportReporter -->
<testsuite name="testcases.TC004_EditLead" tests="1" time="25.695" ignored="0" failures="0" timestamp="14 Apr 2018 18:43:33 GMT" skipped="0" hostname="chandru-PC" errors="0">
  <testcase name="createLead" time="25.695" classname="testcases.TC004_EditLead"/>
</testsuite> <!-- testcases.TC004_EditLead -->
