<?xml version="1.0" encoding="UTF-8"?>
<!-- Generated by org.testng.reporters.JUnitReportReporter -->
<testsuite skipped="0" hostname="chandru-PC" name="week5day1.Leaftaps" tests="1" failures="0" timestamp="15 Apr 2018 12:32:42 GMT" time="37.065" errors="0">
  <testcase name="login" time="37.065" classname="week5day1.Leaftaps"/>
</testsuite> <!-- week5day1.Leaftaps -->
