<?xml version="1.0" encoding="UTF-8"?>
<!-- Generated by org.testng.reporters.JUnitReportReporter -->
<testsuite skipped="0" hostname="chandru-PC" name="week3day1.BrokenLink" tests="1" failures="0" timestamp="26 Mar 2018 17:26:47 GMT" time="24.484" errors="0">
  <testcase name="main" time="24.484" classname="week3day1.BrokenLink"/>
</testsuite> <!-- week3day1.BrokenLink -->
