<?xml version="1.0" encoding="UTF-8"?>
<!-- Generated by org.testng.reporters.JUnitReportReporter -->
<testsuite skipped="0" hostname="chandru-PC" name="homeworkPack3.EditLead" tests="2" failures="0" timestamp="05 Apr 2018 19:26:27 GMT" time="95.841" errors="0">
  <testcase name="editLead" time="49.611" classname="homeworkPack3.EditLead"/>
  <testcase name="editLead" time="46.230" classname="homeworkPack3.EditLead"/>
</testsuite> <!-- homeworkPack3.EditLead -->
