<?xml version="1.0" encoding="UTF-8"?>
<!-- Generated by org.testng.reporters.JUnitReportReporter -->
<testsuite skipped="0" hostname="chandru-PC" name="homeworkPack3.CreateLead" tests="2" failures="0" timestamp="05 Apr 2018 19:26:27 GMT" time="108.374" errors="0">
  <testcase name="createLead" time="49.492" classname="homeworkPack3.CreateLead"/>
  <testcase name="createLead" time="58.882" classname="homeworkPack3.CreateLead"/>
</testsuite> <!-- homeworkPack3.CreateLead -->
