<?xml version="1.0" encoding="UTF-8"?>
<!-- Generated by org.testng.reporters.JUnitReportReporter -->
<testsuite skipped="0" hostname="chandru-PC" name="week2day2.EditLead" tests="1" failures="0" timestamp="05 Apr 2018 18:43:55 GMT" time="22.970" errors="0">
  <testcase name="editLead" time="22.970" classname="week2day2.EditLead"/>
</testsuite> <!-- week2day2.EditLead -->
