<?xml version="1.0" encoding="UTF-8"?>
<!-- Generated by org.testng.reporters.JUnitReportReporter -->
<testsuite skipped="0" hostname="chandru-PC" name="week2day2.MergeLead" tests="1" failures="0" timestamp="05 Apr 2018 18:43:55 GMT" time="39.427" errors="0">
  <testcase name="main" time="39.427" classname="week2day2.MergeLead"/>
</testsuite> <!-- week2day2.MergeLead -->
