<?xml version="1.0" encoding="UTF-8"?>
<!-- Generated by org.testng.reporters.JUnitReportReporter -->
<testsuite skipped="0" hostname="chandru-PC" name="homeworkPack2.MergeLead" tests="1" failures="0" timestamp="05 Apr 2018 19:14:38 GMT" time="28.883" errors="0">
  <testcase name="mergeLead" time="28.883" classname="homeworkPack2.MergeLead"/>
</testsuite> <!-- homeworkPack2.MergeLead -->
