<?xml version="1.0" encoding="UTF-8"?>
<!-- Generated by org.testng.reporters.JUnitReportReporter -->
<testsuite skipped="0" hostname="chandru-PC" name="homeworkPack2.EditLead" tests="1" failures="0" timestamp="05 Apr 2018 19:14:38 GMT" time="23.903" errors="0">
  <testcase name="editLead" time="23.903" classname="homeworkPack2.EditLead"/>
</testsuite> <!-- homeworkPack2.EditLead -->
