<?xml version="1.0" encoding="UTF-8"?>
<!-- Generated by org.testng.reporters.JUnitReportReporter -->
<testsuite skipped="0" hostname="chandru-PC" name="homeworkPack3.MergeLead" tests="2" failures="0" timestamp="05 Apr 2018 19:26:27 GMT" time="104.707" errors="0">
  <testcase name="mergeLead" time="52.593" classname="homeworkPack3.MergeLead"/>
  <testcase name="mergeLead" time="52.114" classname="homeworkPack3.MergeLead"/>
</testsuite> <!-- homeworkPack3.MergeLead -->
