<?xml version="1.0" encoding="UTF-8"?>
<!-- Generated by org.testng.reporters.JUnitReportReporter -->
<testsuite skipped="0" hostname="chandru-PC" name="week2day2.DeleteLead" tests="1" failures="0" timestamp="05 Apr 2018 18:43:55 GMT" time="53.792" errors="0">
  <testcase name="main" time="53.792" classname="week2day2.DeleteLead"/>
</testsuite> <!-- week2day2.DeleteLead -->
