<?xml version="1.0" encoding="UTF-8"?>
<!-- Generated by org.testng.reporters.JUnitReportReporter -->
<testsuite skipped="0" hostname="chandru-PC" name="homeworkPack3.DeleteLead" tests="2" failures="0" timestamp="05 Apr 2018 19:26:27 GMT" time="102.554" errors="0">
  <testcase name="deleteLead" time="53.934" classname="homeworkPack3.DeleteLead"/>
  <testcase name="deleteLead" time="48.620" classname="homeworkPack3.DeleteLead"/>
</testsuite> <!-- homeworkPack3.DeleteLead -->
