<?xml version="1.0" encoding="UTF-8"?>
<!-- Generated by org.testng.reporters.JUnitReportReporter -->
<testsuite skipped="0" hostname="chandru-PC" name="week2day2.TrainName" tests="1" failures="0" timestamp="22 Mar 2018 19:12:57 GMT" time="21.261" errors="0">
  <testcase name="main" time="21.261" classname="week2day2.TrainName"/>
</testsuite> <!-- week2day2.TrainName -->
