<?xml version="1.0" encoding="UTF-8"?>
<!-- Generated by org.testng.reporters.JUnitReportReporter -->
<testsuite skipped="0" hostname="chandru-PC" name="homeworkPack2.CreateLead" tests="2" failures="0" timestamp="05 Apr 2018 19:14:38 GMT" time="46.641" errors="0">
  <testcase name="createLead" time="23.526" classname="homeworkPack2.CreateLead"/>
  <testcase name="createLead" time="23.115" classname="homeworkPack2.CreateLead"/>
</testsuite> <!-- homeworkPack2.CreateLead -->
