<?xml version="1.0" encoding="UTF-8"?>
<!-- Generated by org.testng.reporters.JUnitReportReporter -->
<testsuite skipped="0" hostname="chandru-PC" name="homeworkPack2.DeleteLead" tests="1" failures="0" timestamp="05 Apr 2018 19:14:38 GMT" time="36.831" errors="0">
  <testcase name="deleteLead" time="36.831" classname="homeworkPack2.DeleteLead"/>
</testsuite> <!-- homeworkPack2.DeleteLead -->
